<?xml version='1.0'?>
<!DOCTYPE coverage SYSTEM "http://cobertura.sourceforge.net/xml/coverage-04.dtd">
<!-- Generated by simplecov-cobertura version 3.0.0 (https://github.com/jessebs/simplecov-cobertura) -->
<coverage line-rate="1.0" lines-covered="46" lines-valid="46" branches-covered="15" branches-valid="17" branch-rate="0.88" complexity="0" version="0" timestamp="1755975546">
  <sources>
    <source>/Users/martinyanchev/Projects/tinyy</source>
  </sources>
  <packages>
    <package name="Controllers" line-rate="1.0" branch-rate="1.0" complexity="0">
      <classes>
        <class name="app/controllers/links_controller.rb" filename="app/controllers/links_controller.rb" line-rate="1.0" branch-rate="1.0" complexity="0">
          <methods/>
          <lines>
            <line number="1" hits="1" branch="false"/>
            <line number="2" hits="1" branch="false"/>
            <line number="4" hits="1" branch="false"/>
            <line number="5" hits="1" branch="false"/>
            <line number="8" hits="1" branch="false"/>
            <line number="9" hits="3" branch="false"/>
            <line number="12" hits="3" branch="false"/>
            <line number="13" hits="3" branch="false"/>
            <line number="14" hits="2" branch="true" condition-coverage="100% (1/1)"/>
            <line number="16" hits="1" branch="true" condition-coverage="100% (1/1)"/>
            <line number="20" hits="1" branch="false"/>
            <line number="21" hits="2" branch="false"/>
            <line number="25" hits="1" branch="false"/>
            <line number="26" hits="2" branch="false"/>
            <line number="27" hits="2" branch="true" condition-coverage="100% (1/1)"/>
            <line number="29" hits="1" branch="false"/>
            <line number="30" hits="1" branch="false"/>
            <line number="31" hits="1" branch="false"/>
            <line number="34" hits="1" branch="false"/>
            <line number="36" hits="1" branch="false"/>
            <line number="37" hits="3" branch="false"/>
          </lines>
        </class>
      </classes>
    </package>
    <package name="Models" line-rate="1.0" branch-rate="0.85" complexity="0">
      <classes>
        <class name="app/models/link.rb" filename="app/models/link.rb" line-rate="1.0" branch-rate="0.85" complexity="0">
          <methods/>
          <lines>
            <line number="1" hits="1" branch="false"/>
            <line number="2" hits="1" branch="false"/>
            <line number="3" hits="1" branch="false"/>
            <line number="5" hits="1" branch="false"/>
            <line number="6" hits="1" branch="false"/>
            <line number="7" hits="1" branch="false"/>
            <line number="10" hits="1" branch="false"/>
            <line number="12" hits="1" branch="false"/>
            <line number="13" hits="11" branch="true" condition-coverage="100% (1/1)"/>
            <line number="14" hits="11" branch="false"/>
            <line number="15" hits="11" branch="true" condition-coverage="100% (1/1)"/>
            <line number="16" hits="11" branch="false"/>
            <line number="19" hits="1" branch="false"/>
            <line number="21" hits="1" branch="false"/>
            <line number="22" hits="9" branch="true" condition-coverage="100% (1/1)"/>
            <line number="24" hits="8" branch="false"/>
            <line number="27" hits="1" branch="false"/>
            <line number="28" hits="9" branch="true" condition-coverage="100% (1/1)"/>
            <line number="30" hits="8" branch="false"/>
            <line number="32" hits="8" branch="true" condition-coverage="100% (1/1)"/>
            <line number="33" hits="2" branch="true" condition-coverage="100% (1/1)"/>
            <line number="37" hits="1" branch="false"/>
            <line number="38" hits="9" branch="true" condition-coverage="100% (1/1)"/>
            <line number="41" hits="1" branch="false"/>
            <line number="42" hits="9" branch="false"/>
          </lines>
        </class>
      </classes>
    </package>
  </packages>
</coverage>